==21257== Memcheck, a memory error detector
==21257== Copyright (C) 2002-2022, and GNU GPL'd, by Julian Seward et al.
==21257== Using Valgrind-3.21.0 and LibVEX; rerun with -h for copyright info
==21257== Command: ./exam
==21257== Parent PID: 20855
==21257== 
==21257== 
==21257== HEAP SUMMARY:
==21257==     in use at exit: 0 bytes in 0 blocks
==21257==   total heap usage: 1 allocs, 1 frees, 1,024 bytes allocated
==21257== 
==21257== All heap blocks were freed -- no leaks are possible
==21257== 
==21257== For lists of detected and suppressed errors, rerun with: -s
==21257== ERROR SUMMARY: 0 errors from 0 contexts (suppressed: 0 from 0)
==21258== 
==21258== HEAP SUMMARY:
==21258==     in use at exit: 0 bytes in 0 blocks
==21258==   total heap usage: 1 allocs, 1 frees, 1,024 bytes allocated
==21258== 
==21258== All heap blocks were freed -- no leaks are possible
==21258== 
==21258== For lists of detected and suppressed errors, rerun with: -s
==21258== ERROR SUMMARY: 0 errors from 0 contexts (suppressed: 0 from 0)
